<?xml version="1.0" encoding="UTF-8"?>
<!-- Generated by org.testng.reporters.JUnitReportReporter -->
<testsuite hostname="DESKTOP-OKASGSQ" failures="0" tests="1" name="TestScripts.Test2" time="86.071" errors="0" timestamp="2023-04-09T20:44:13 IST" skipped="0">
  <testcase classname="TestScripts.Test2" name="test2" time="86.071"/>
  <system-out/>
</testsuite> <!-- TestScripts.Test2 -->
