<?xml version="1.0" encoding="UTF-8"?>
<!-- Generated by org.testng.reporters.JUnitReportReporter -->
<testsuite hostname="DESKTOP-OKASGSQ" failures="0" tests="1" name="TestScripts.Test4" time="9.917" errors="0" timestamp="2023-04-09T20:44:47 IST" skipped="0">
  <testcase classname="TestScripts.Test4" name="test4" time="9.917"/>
  <system-out/>
</testsuite> <!-- TestScripts.Test4 -->
